<?xml version="1.0" encoding="UTF-8"?>
<!-- Generated by org.testng.reporters.JUnitReportReporter -->
<testsuite hostname="EPINPUNW00E4" name="TestRunner.ApplicationTest" tests="2" failures="0" timestamp="7 May 2021 09:18:18 GMT" time="10.875" errors="0">
  <testcase name="searchHotel" time="5.827" classname="TestRunner.ApplicationTest"/>
  <testcase name="LoginToTrivago" time="5.048" classname="TestRunner.ApplicationTest"/>
</testsuite> <!-- TestRunner.ApplicationTest -->
