<?xml version="1.0" encoding="UTF-8"?>
<!-- Generated by org.testng.reporters.JUnitReportReporter -->
<testsuite hostname="EPINPUNW0140" name="TestRunner.ApplicationTest" tests="2" failures="0" timestamp="4 Sep 2019 09:43:15 GMT" time="8.663" errors="0">
  <testcase name="searchHotel" time="4.113" classname="TestRunner.ApplicationTest"/>
  <testcase name="LoginToTrivago" time="4.550" classname="TestRunner.ApplicationTest"/>
</testsuite> <!-- TestRunner.ApplicationTest -->
