<?xml version="1.0" encoding="UTF-8"?>
<!-- Generated by org.testng.reporters.JUnitReportReporter -->
<testsuite hostname="EPINPUNW0140" name="TestRunner.LoginTest" tests="1" failures="0" timestamp="20 Aug 2019 04:55:43 GMT" time="4.816" errors="0">
  <testcase name="LoginToTrivago" time="4.816" classname="TestRunner.LoginTest"/>
</testsuite> <!-- TestRunner.LoginTest -->
